<?xml version="1.0" encoding="UTF-8"?>
<!-- Generated by org.testng.reporters.JUnitReportReporter -->
<testsuite hostname="LAPTOP-3SFKE770" failures="0" tests="1" name="sampleAPITest.StartFromServerHost" time="1.003" errors="0" timestamp="2023-06-02T15:08:53 EDT" skipped="0">
  <testcase classname="sampleAPITest.StartFromServerHost" name="testCode" time="1.003"/>
  <system-out/>
</testsuite> <!-- sampleAPITest.StartFromServerHost -->
