<?xml version="1.0" encoding="UTF-8"?>
<!-- Generated by org.testng.reporters.JUnitReportReporter -->
<testsuite hostname="LAPTOP-3SFKE770" failures="0" tests="1" name="practiceWireMock.TestWireMockCode" time="0.977" errors="0" timestamp="2023-06-02T15:26:54 EDT" skipped="0">
  <testcase classname="practiceWireMock.TestWireMockCode" name="testWithcode" time="0.977"/>
  <system-out/>
</testsuite> <!-- practiceWireMock.TestWireMockCode -->
