<?xml version="1.0" encoding="UTF-8"?>
<!-- Generated by org.testng.reporters.JUnitReportReporter -->
<testsuite hostname="LAPTOP-3SFKE770" failures="0" tests="1" name="practiceWireMock.TestWireMockCodeFile" time="1.432" errors="0" timestamp="2023-06-03T15:59:12 EDT" skipped="0">
  <testcase classname="practiceWireMock.TestWireMockCodeFile" name="testWithcode" time="1.432"/>
  <system-out/>
</testsuite> <!-- practiceWireMock.TestWireMockCodeFile -->
