<?xml version="1.0" encoding="UTF-8"?>
<!-- Generated by org.testng.reporters.JUnitReportReporter -->
<testsuite hostname="LAPTOP-3SFKE770" failures="0" tests="1" name="practiceWireMock.ConditionalMocking" time="0.955" errors="0" timestamp="2023-06-03T16:25:57 EDT" skipped="0">
  <testcase classname="practiceWireMock.ConditionalMocking" name="testWithcode" time="0.955"/>
  <system-out/>
</testsuite> <!-- practiceWireMock.ConditionalMocking -->
